Using pre-set license
Built from '2021.3/staging' branch; Version is '2021.3.24f1 (cf10dcf7010d) revision 13570268'; Using compiler version '192829333'; Build Type 'Release'
OS: 'Windows 11  (10.0.22621) 64bit Professional' Language: 'uk' Physical Memory: 16334 MB
BatchMode: 1, IsHumanControllingUs: 0, StartBugReporterOnCrash: 0, Is64bit: 1, IsPro: 1

COMMAND LINE ARGUMENTS:
C:\Program Files\Unity\Hub\Editor\2021.3.24f1\Editor\Unity.exe
-adb2
-batchMode
-noUpm
-name
AssetImportWorker0
-projectPath
D:/Work/Unity/TZ_CreatorsBureau_09.09.2023
-logFile
Logs/AssetImportWorker0.log
-srvPort
54398
Successfully changed project path to: D:/Work/Unity/TZ_CreatorsBureau_09.09.2023
D:/Work/Unity/TZ_CreatorsBureau_09.09.2023
[UnityMemory] Configuration Parameters - Can be set up in boot.config
    "memorysetup-bucket-allocator-granularity=16"
    "memorysetup-bucket-allocator-bucket-count=8"
    "memorysetup-bucket-allocator-block-size=33554432"
    "memorysetup-bucket-allocator-block-count=8"
    "memorysetup-main-allocator-block-size=16777216"
    "memorysetup-thread-allocator-block-size=16777216"
    "memorysetup-gfx-main-allocator-block-size=16777216"
    "memorysetup-gfx-thread-allocator-block-size=16777216"
    "memorysetup-cache-allocator-block-size=4194304"
    "memorysetup-typetree-allocator-block-size=2097152"
    "memorysetup-profiler-bucket-allocator-granularity=16"
    "memorysetup-profiler-bucket-allocator-bucket-count=8"
    "memorysetup-profiler-bucket-allocator-block-size=33554432"
    "memorysetup-profiler-bucket-allocator-block-count=8"
    "memorysetup-profiler-allocator-block-size=16777216"
    "memorysetup-profiler-editor-allocator-block-size=1048576"
    "memorysetup-temp-allocator-size-main=16777216"
    "memorysetup-job-temp-allocator-block-size=2097152"
    "memorysetup-job-temp-allocator-block-size-background=1048576"
    "memorysetup-job-temp-allocator-reduction-small-platforms=262144"
    "memorysetup-temp-allocator-size-background-worker=32768"
    "memorysetup-temp-allocator-size-job-worker=262144"
    "memorysetup-temp-allocator-size-preload-manager=33554432"
    "memorysetup-temp-allocator-size-nav-mesh-worker=65536"
    "memorysetup-temp-allocator-size-audio-worker=65536"
    "memorysetup-temp-allocator-size-cloud-worker=32768"
    "memorysetup-temp-allocator-size-gi-baking-worker=262144"
    "memorysetup-temp-allocator-size-gfx=262144"
Player connection [20464] Host "[IP] 192.168.0.108 [Port] 0 [Flags] 2 [Guid] 3101807394 [EditorId] 3101807394 [Version] 1048832 [Id] WindowsEditor(7,DESKTOP-DKSLP8E) [Debug] 1 [PackageName] WindowsEditor [ProjectName] Editor" joined multi-casting on [225.0.0.222:54997]...

Player connection [20464] Host "[IP] 192.168.0.108 [Port] 0 [Flags] 2 [Guid] 3101807394 [EditorId] 3101807394 [Version] 1048832 [Id] WindowsEditor(7,DESKTOP-DKSLP8E) [Debug] 1 [PackageName] WindowsEditor [ProjectName] Editor" joined alternative multi-casting on [225.0.0.222:34997]...

Refreshing native plugins compatible for Editor in 91.09 ms, found 3 plugins.
Preloading 0 native plugins for Editor in 0.00 ms.
Initialize engine version: 2021.3.24f1 (cf10dcf7010d)
[Subsystems] Discovering subsystems at path C:/Program Files/Unity/Hub/Editor/2021.3.24f1/Editor/Data/Resources/UnitySubsystems
[Subsystems] Discovering subsystems at path D:/Work/Unity/TZ_CreatorsBureau_09.09.2023/Assets
GfxDevice: creating device client; threaded=0; jobified=0
Direct3D:
    Version:  Direct3D 11.0 [level 11.1]
    Renderer: NVIDIA GeForce GTX 1050 (ID=0x1c81)
    Vendor:   NVIDIA
    VRAM:     1977 MB
    Driver:   31.0.15.1659
Initialize mono
Mono path[0] = 'C:/Program Files/Unity/Hub/Editor/2021.3.24f1/Editor/Data/Managed'
Mono path[1] = 'C:/Program Files/Unity/Hub/Editor/2021.3.24f1/Editor/Data/MonoBleedingEdge/lib/mono/unityjit-win32'
Mono config path = 'C:/Program Files/Unity/Hub/Editor/2021.3.24f1/Editor/Data/MonoBleedingEdge/etc'
Using monoOptions --debugger-agent=transport=dt_socket,embedding=1,server=y,suspend=n,address=127.0.0.1:56000
Begin MonoManager ReloadAssembly
Registering precompiled unity dll's ...
Register platform support module: C:/Program Files/Unity/Hub/Editor/2021.3.24f1/Editor/Data/PlaybackEngines/WebGLSupport/UnityEditor.WebGL.Extensions.dll
Register platform support module: C:/Program Files/Unity/Hub/Editor/2021.3.24f1/Editor/Data/PlaybackEngines/AndroidPlayer/UnityEditor.Android.Extensions.dll
Register platform support module: C:/Program Files/Unity/Hub/Editor/2021.3.24f1/Editor/Data/PlaybackEngines/WindowsStandaloneSupport/UnityEditor.WindowsStandalone.Extensions.dll
Registered in 0.011781 seconds.
Native extension for WindowsStandalone target not found
Native extension for Android target not found
Android Extension - Scanning For ADB Devices 325 ms
Native extension for WebGL target not found
Refreshing native plugins compatible for Editor in 91.01 ms, found 3 plugins.
Preloading 0 native plugins for Editor in 0.00 ms.
Mono: successfully reloaded assembly
- Completed reload, in  1.220 seconds
Domain Reload Profiling:
	ReloadAssembly (1221ms)
		BeginReloadAssembly (119ms)
			ExecutionOrderSort (0ms)
			DisableScriptedObjects (0ms)
			BackupInstance (0ms)
			ReleaseScriptingObjects (0ms)
			CreateAndSetChildDomain (1ms)
		EndReloadAssembly (961ms)
			LoadAssemblies (115ms)
			RebuildTransferFunctionScriptingTraits (0ms)
			SetupTypeCache (156ms)
			ReleaseScriptCaches (0ms)
			RebuildScriptCaches (41ms)
			SetupLoadedEditorAssemblies (695ms)
				LogAssemblyErrors (0ms)
				InitializePlatformSupportModulesInManaged (432ms)
				SetLoadedEditorAssemblies (0ms)
				RefreshPlugins (91ms)
				BeforeProcessingInitializeOnLoad (2ms)
				ProcessInitializeOnLoadAttributes (116ms)
				ProcessInitializeOnLoadMethodAttributes (53ms)
				AfterProcessingInitializeOnLoad (0ms)
				EditorAssembliesLoaded (0ms)
			ExecutionOrderSort2 (0ms)
			AwakeInstancesAfterBackupRestoration (0ms)
Platform modules already initialized, skipping
Registering precompiled user dll's ...
Registered in 0.004155 seconds.
Begin MonoManager ReloadAssembly
Symbol file LoadedFromMemory doesn't match image D:\Work\Unity\TZ_CreatorsBureau_09.09.2023\Library\PackageCache\com.unity.visualscripting@1.8.0\Editor\VisualScripting.Core\Dependencies\YamlDotNet\Unity.VisualScripting.YamlDotNet.dll
Symbol file LoadedFromMemory doesn't match image D:\Work\Unity\TZ_CreatorsBureau_09.09.2023\Library\PackageCache\com.unity.visualscripting@1.8.0\Editor\VisualScripting.Core\Dependencies\DotNetZip\Unity.VisualScripting.IonicZip.dll
Native extension for WindowsStandalone target not found
Native extension for Android target not found
Native extension for WebGL target not found
Refreshing native plugins compatible for Editor in 0.62 ms, found 3 plugins.
Preloading 0 native plugins for Editor in 0.00 ms.
Mono: successfully reloaded assembly
- Completed reload, in  1.398 seconds
Domain Reload Profiling:
	ReloadAssembly (1399ms)
		BeginReloadAssembly (158ms)
			ExecutionOrderSort (0ms)
			DisableScriptedObjects (8ms)
			BackupInstance (0ms)
			ReleaseScriptingObjects (0ms)
			CreateAndSetChildDomain (25ms)
		EndReloadAssembly (1100ms)
			LoadAssemblies (116ms)
			RebuildTransferFunctionScriptingTraits (0ms)
			SetupTypeCache (354ms)
			ReleaseScriptCaches (1ms)
			RebuildScriptCaches (78ms)
			SetupLoadedEditorAssemblies (491ms)
				LogAssemblyErrors (0ms)
				InitializePlatformSupportModulesInManaged (27ms)
				SetLoadedEditorAssemblies (1ms)
				RefreshPlugins (1ms)
				BeforeProcessingInitializeOnLoad (103ms)
				ProcessInitializeOnLoadAttributes (318ms)
				ProcessInitializeOnLoadMethodAttributes (28ms)
				AfterProcessingInitializeOnLoad (13ms)
				EditorAssembliesLoaded (0ms)
			ExecutionOrderSort2 (0ms)
			AwakeInstancesAfterBackupRestoration (8ms)
Platform modules already initialized, skipping
========================================================================
Worker process is ready to serve import requests
Launched and connected shader compiler UnityShaderCompiler.exe after 0.05 seconds
Refreshing native plugins compatible for Editor in 0.75 ms, found 3 plugins.
Preloading 0 native plugins for Editor in 0.00 ms.
Unloading 3254 Unused Serialized files (Serialized files now loaded: 0)
Unloading 37 unused Assets / (184.5 KB). Loaded Objects now: 3718.
Memory consumption went from 115.0 MB to 114.8 MB.
Total: 4.471400 ms (FindLiveObjects: 0.371500 ms CreateObjectMapping: 0.105800 ms MarkObjects: 3.812400 ms  DeleteObjects: 0.180100 ms)

AssetImportParameters requested are different than current active one (requested -> active):
  custom:video-decoder-ogg-theora: a1e56fd34408186e4bbccfd4996cb3dc -> 
  custom:container-muxer-webm: aa71ff27fc2769a1b78a27578f13a17b -> 
  custom:container-demuxer-webm: 4f35f7cbe854078d1ac9338744f61a02 -> 
  custom:video-encoder-webm-vp8: eb34c28f22e8b96e1ab97ce403110664 -> 
  custom:video-codec-MediaFoundation-h265: 746d11721c4dcdbdad8f713fa42b33f4 -> 
  custom:audio-encoder-webm-vorbis: bf7c407c2cedff20999df2af8eb42d56 -> 
  custom:framework-win-MediaFoundation: 216162199b28c13a410421893ffa2e32 -> 
  custom:container-demuxer-ogg: 62fdf1f143b41e24485cea50d1cbac27 -> 
  custom:video-decoder-webm-vp8: 9c59270c3fd7afecdb556c50c9e8de78 -> 
  custom:audio-decoder-ogg-vorbis: bf7c407c2cedff20999df2af8eb42d56 -> 
========================================================================
Received Import Request.
  Time since last request: 107915.381932 seconds.
  path: Assets/Resources/Prefabs/Player/Player.prefab
  artifactKey: Guid(0f557886154fafb47aedf81a4699e0a6) Importer(815301076,1909f56bfc062723c751e8b465ee728b)
Start importing Assets/Resources/Prefabs/Player/Player.prefab using Guid(0f557886154fafb47aedf81a4699e0a6) Importer(815301076,1909f56bfc062723c751e8b465ee728b)  -> (artifact id: '1a8cb60373bf7e6c4db78775635ce2fa') in 0.156023 seconds 
========================================================================
Received Import Request.
  Time since last request: 31.192265 seconds.
  path: Assets/Resources/Prefabs/Player/Player.prefab
  artifactKey: Guid(0f557886154fafb47aedf81a4699e0a6) Importer(815301076,1909f56bfc062723c751e8b465ee728b)
Start importing Assets/Resources/Prefabs/Player/Player.prefab using Guid(0f557886154fafb47aedf81a4699e0a6) Importer(815301076,1909f56bfc062723c751e8b465ee728b)  -> (artifact id: '65c393bbdef03623a536dd8cc0e14648') in 0.013950 seconds 
========================================================================
Received Prepare
Registering precompiled user dll's ...
Registered in 0.003957 seconds.
Begin MonoManager ReloadAssembly
Symbol file LoadedFromMemory doesn't match image D:\Work\Unity\TZ_CreatorsBureau_09.09.2023\Library\PackageCache\com.unity.visualscripting@1.8.0\Editor\VisualScripting.Core\Dependencies\YamlDotNet\Unity.VisualScripting.YamlDotNet.dll
Symbol file LoadedFromMemory doesn't match image D:\Work\Unity\TZ_CreatorsBureau_09.09.2023\Library\PackageCache\com.unity.visualscripting@1.8.0\Editor\VisualScripting.Core\Dependencies\DotNetZip\Unity.VisualScripting.IonicZip.dll
Native extension for WindowsStandalone target not found
Native extension for Android target not found
Native extension for WebGL target not found
Refreshing native plugins compatible for Editor in 0.73 ms, found 3 plugins.
Preloading 0 native plugins for Editor in 0.00 ms.
Mono: successfully reloaded assembly
- Completed reload, in  1.394 seconds
Domain Reload Profiling:
	ReloadAssembly (1394ms)
		BeginReloadAssembly (189ms)
			ExecutionOrderSort (0ms)
			DisableScriptedObjects (7ms)
			BackupInstance (0ms)
			ReleaseScriptingObjects (0ms)
			CreateAndSetChildDomain (44ms)
		EndReloadAssembly (1081ms)
			LoadAssemblies (118ms)
			RebuildTransferFunctionScriptingTraits (0ms)
			SetupTypeCache (368ms)
			ReleaseScriptCaches (1ms)
			RebuildScriptCaches (64ms)
			SetupLoadedEditorAssemblies (456ms)
				LogAssemblyErrors (0ms)
				InitializePlatformSupportModulesInManaged (28ms)
				SetLoadedEditorAssemblies (1ms)
				RefreshPlugins (1ms)
				BeforeProcessingInitializeOnLoad (84ms)
				ProcessInitializeOnLoadAttributes (303ms)
				ProcessInitializeOnLoadMethodAttributes (26ms)
				AfterProcessingInitializeOnLoad (13ms)
				EditorAssembliesLoaded (0ms)
			ExecutionOrderSort2 (0ms)
			AwakeInstancesAfterBackupRestoration (10ms)
Platform modules already initialized, skipping
Refreshing native plugins compatible for Editor in 2.10 ms, found 3 plugins.
Preloading 0 native plugins for Editor in 0.00 ms.
Unloading 3249 Unused Serialized files (Serialized files now loaded: 0)
Unloading 18 unused Assets / (151.0 KB). Loaded Objects now: 3742.
Memory consumption went from 131.9 MB to 131.7 MB.
Total: 4.016700 ms (FindLiveObjects: 0.275900 ms CreateObjectMapping: 0.082900 ms MarkObjects: 3.526800 ms  DeleteObjects: 0.129700 ms)

AssetImportParameters requested are different than current active one (requested -> active):
  custom:video-decoder-ogg-theora: a1e56fd34408186e4bbccfd4996cb3dc -> 
  custom:container-muxer-webm: aa71ff27fc2769a1b78a27578f13a17b -> 
  custom:container-demuxer-webm: 4f35f7cbe854078d1ac9338744f61a02 -> 
  custom:video-encoder-webm-vp8: eb34c28f22e8b96e1ab97ce403110664 -> 
  custom:video-codec-MediaFoundation-h265: 746d11721c4dcdbdad8f713fa42b33f4 -> 
  custom:audio-encoder-webm-vorbis: bf7c407c2cedff20999df2af8eb42d56 -> 
  custom:framework-win-MediaFoundation: 216162199b28c13a410421893ffa2e32 -> 
  custom:container-demuxer-ogg: 62fdf1f143b41e24485cea50d1cbac27 -> 
  custom:video-decoder-webm-vp8: 9c59270c3fd7afecdb556c50c9e8de78 -> 
  custom:audio-decoder-ogg-vorbis: bf7c407c2cedff20999df2af8eb42d56 -> 
========================================================================
Received Import Request.
  Time since last request: 8.445248 seconds.
  path: Assets/Resources/Prefabs/Player/PlayerAnimator.controller
  artifactKey: Guid(90e90a153a1b0b94a91db7febabefcd1) Importer(815301076,1909f56bfc062723c751e8b465ee728b)
Start importing Assets/Resources/Prefabs/Player/PlayerAnimator.controller using Guid(90e90a153a1b0b94a91db7febabefcd1) Importer(815301076,1909f56bfc062723c751e8b465ee728b)  -> (artifact id: '35879bb058b4885f3629a573473b1573') in 0.027439 seconds 
========================================================================
Received Import Request.
  Time since last request: 15.394263 seconds.
  path: Assets/Resources/Prefabs/Player/Player.prefab
  artifactKey: Guid(0f557886154fafb47aedf81a4699e0a6) Importer(815301076,1909f56bfc062723c751e8b465ee728b)
Start importing Assets/Resources/Prefabs/Player/Player.prefab using Guid(0f557886154fafb47aedf81a4699e0a6) Importer(815301076,1909f56bfc062723c751e8b465ee728b)  -> (artifact id: 'e2d5e7a120082c798484e53b93affcf2') in 0.060347 seconds 
========================================================================
Received Import Request.
  Time since last request: 3.531803 seconds.
  path: Assets/Resources/Prefabs/Player/Player.prefab
  artifactKey: Guid(0f557886154fafb47aedf81a4699e0a6) Importer(815301076,1909f56bfc062723c751e8b465ee728b)
Start importing Assets/Resources/Prefabs/Player/Player.prefab using Guid(0f557886154fafb47aedf81a4699e0a6) Importer(815301076,1909f56bfc062723c751e8b465ee728b)  -> (artifact id: 'bab78567af8e96332323cb2a1338c744') in 0.011260 seconds 
========================================================================
Received Import Request.
  Time since last request: 3.950849 seconds.
  path: Assets/Resources/Prefabs/Player/Player.prefab
  artifactKey: Guid(0f557886154fafb47aedf81a4699e0a6) Importer(815301076,1909f56bfc062723c751e8b465ee728b)
Start importing Assets/Resources/Prefabs/Player/Player.prefab using Guid(0f557886154fafb47aedf81a4699e0a6) Importer(815301076,1909f56bfc062723c751e8b465ee728b)  -> (artifact id: '5d2ed802ee88e72a3d6dc85fda25dfda') in 0.011449 seconds 
========================================================================
Received Import Request.
  Time since last request: 3.416752 seconds.
  path: Assets/Resources/Prefabs/Player/Player.prefab
  artifactKey: Guid(0f557886154fafb47aedf81a4699e0a6) Importer(815301076,1909f56bfc062723c751e8b465ee728b)
Start importing Assets/Resources/Prefabs/Player/Player.prefab using Guid(0f557886154fafb47aedf81a4699e0a6) Importer(815301076,1909f56bfc062723c751e8b465ee728b)  -> (artifact id: '70413bbcaa636f542e9943fd39461a9d') in 0.012182 seconds 
========================================================================
Received Prepare
Registering precompiled user dll's ...
Registered in 0.003943 seconds.
Begin MonoManager ReloadAssembly
Symbol file LoadedFromMemory doesn't match image D:\Work\Unity\TZ_CreatorsBureau_09.09.2023\Library\PackageCache\com.unity.visualscripting@1.8.0\Editor\VisualScripting.Core\Dependencies\YamlDotNet\Unity.VisualScripting.YamlDotNet.dll
Symbol file LoadedFromMemory doesn't match image D:\Work\Unity\TZ_CreatorsBureau_09.09.2023\Library\PackageCache\com.unity.visualscripting@1.8.0\Editor\VisualScripting.Core\Dependencies\DotNetZip\Unity.VisualScripting.IonicZip.dll
Native extension for WindowsStandalone target not found
Native extension for Android target not found
Native extension for WebGL target not found
Refreshing native plugins compatible for Editor in 0.91 ms, found 3 plugins.
Preloading 0 native plugins for Editor in 0.00 ms.
Mono: successfully reloaded assembly
- Completed reload, in  1.370 seconds
Domain Reload Profiling:
	ReloadAssembly (1371ms)
		BeginReloadAssembly (177ms)
			ExecutionOrderSort (0ms)
			DisableScriptedObjects (6ms)
			BackupInstance (0ms)
			ReleaseScriptingObjects (0ms)
			CreateAndSetChildDomain (43ms)
		EndReloadAssembly (1072ms)
			LoadAssemblies (116ms)
			RebuildTransferFunctionScriptingTraits (0ms)
			SetupTypeCache (348ms)
			ReleaseScriptCaches (1ms)
			RebuildScriptCaches (66ms)
			SetupLoadedEditorAssemblies (464ms)
				LogAssemblyErrors (0ms)
				InitializePlatformSupportModulesInManaged (30ms)
				SetLoadedEditorAssemblies (1ms)
				RefreshPlugins (1ms)
				BeforeProcessingInitializeOnLoad (88ms)
				ProcessInitializeOnLoadAttributes (305ms)
				ProcessInitializeOnLoadMethodAttributes (27ms)
				AfterProcessingInitializeOnLoad (13ms)
				EditorAssembliesLoaded (0ms)
			ExecutionOrderSort2 (0ms)
			AwakeInstancesAfterBackupRestoration (11ms)
Platform modules already initialized, skipping
Refreshing native plugins compatible for Editor in 2.02 ms, found 3 plugins.
Preloading 0 native plugins for Editor in 0.00 ms.
Unloading 3249 Unused Serialized files (Serialized files now loaded: 0)
Unloading 18 unused Assets / (151.1 KB). Loaded Objects now: 3757.
Memory consumption went from 131.9 MB to 131.8 MB.
Total: 3.603200 ms (FindLiveObjects: 0.324600 ms CreateObjectMapping: 0.086100 ms MarkObjects: 3.065500 ms  DeleteObjects: 0.125500 ms)

AssetImportParameters requested are different than current active one (requested -> active):
  custom:video-decoder-ogg-theora: a1e56fd34408186e4bbccfd4996cb3dc -> 
  custom:container-muxer-webm: aa71ff27fc2769a1b78a27578f13a17b -> 
  custom:container-demuxer-webm: 4f35f7cbe854078d1ac9338744f61a02 -> 
  custom:video-encoder-webm-vp8: eb34c28f22e8b96e1ab97ce403110664 -> 
  custom:video-codec-MediaFoundation-h265: 746d11721c4dcdbdad8f713fa42b33f4 -> 
  custom:audio-encoder-webm-vorbis: bf7c407c2cedff20999df2af8eb42d56 -> 
  custom:framework-win-MediaFoundation: 216162199b28c13a410421893ffa2e32 -> 
  custom:container-demuxer-ogg: 62fdf1f143b41e24485cea50d1cbac27 -> 
  custom:video-decoder-webm-vp8: 9c59270c3fd7afecdb556c50c9e8de78 -> 
  custom:audio-decoder-ogg-vorbis: bf7c407c2cedff20999df2af8eb42d56 -> 
========================================================================
Received Import Request.
  Time since last request: 31.074614 seconds.
  path: Assets/Resources/Animations/BossWalking.fbx
  artifactKey: Guid(e7d075d45806def4c97f938fab74f127) Importer(815301076,1909f56bfc062723c751e8b465ee728b)
Start importing Assets/Resources/Animations/BossWalking.fbx using Guid(e7d075d45806def4c97f938fab74f127) Importer(815301076,1909f56bfc062723c751e8b465ee728b)  -> (artifact id: '81e5b33bb29a174c9385f09193484124') in 0.149937 seconds 
========================================================================
Received Import Request.
  Time since last request: 4.744365 seconds.
  path: Assets/Resources/Animations/EntityIdle.fbx
  artifactKey: Guid(c3251e565f3dce944a7e32c4c65554ba) Importer(815301076,1909f56bfc062723c751e8b465ee728b)
Start importing Assets/Resources/Animations/EntityIdle.fbx using Guid(c3251e565f3dce944a7e32c4c65554ba) Importer(815301076,1909f56bfc062723c751e8b465ee728b)  -> (artifact id: '73741d646433686eb2c0b3b14b87f19b') in 0.023865 seconds 
========================================================================
Received Import Request.
  Time since last request: 0.000023 seconds.
  path: Assets/Resources/Animations/BossWalking.fbx
  artifactKey: Guid(e7d075d45806def4c97f938fab74f127) Importer(815301076,1909f56bfc062723c751e8b465ee728b)
Start importing Assets/Resources/Animations/BossWalking.fbx using Guid(e7d075d45806def4c97f938fab74f127) Importer(815301076,1909f56bfc062723c751e8b465ee728b)  -> (artifact id: '7fbe543e6ec39bcc2401ff2f9b97d4f9') in 0.022643 seconds 
========================================================================
Received Import Request.
  Time since last request: 2.282486 seconds.
  path: Assets/Resources/Animations/PlayerDance.fbx
  artifactKey: Guid(7d4da13d727d44648b8bee9e7f73e08b) Importer(815301076,1909f56bfc062723c751e8b465ee728b)
Start importing Assets/Resources/Animations/PlayerDance.fbx using Guid(7d4da13d727d44648b8bee9e7f73e08b) Importer(815301076,1909f56bfc062723c751e8b465ee728b)  -> (artifact id: 'cb77a7f489c210cd3f0c146a8137e59a') in 0.019084 seconds 
========================================================================
Received Import Request.
  Time since last request: 2.036572 seconds.
  path: Assets/Resources/Animations/PlayerRun.fbx
  artifactKey: Guid(60011d6ab2c84294da6d22b4e1143265) Importer(815301076,1909f56bfc062723c751e8b465ee728b)
Start importing Assets/Resources/Animations/PlayerRun.fbx using Guid(60011d6ab2c84294da6d22b4e1143265) Importer(815301076,1909f56bfc062723c751e8b465ee728b)  -> (artifact id: '771f826bdded64fc8923a173942d1843') in 0.021292 seconds 
========================================================================
Received Import Request.
  Time since last request: 9.621414 seconds.
  path: Assets/Resources/Prefabs/Enemies/Boss/Boss.prefab
  artifactKey: Guid(18ba6fe3748708543ae8ea8689c832f0) Importer(815301076,1909f56bfc062723c751e8b465ee728b)
Start importing Assets/Resources/Prefabs/Enemies/Boss/Boss.prefab using Guid(18ba6fe3748708543ae8ea8689c832f0) Importer(815301076,1909f56bfc062723c751e8b465ee728b)  -> (artifact id: '4140df4c679b7eff8a483b48f3a8314f') in 0.020722 seconds 
========================================================================
Received Import Request.
  Time since last request: 8.020696 seconds.
  path: Assets/Resources/Prefabs/Enemies/Boss/Boss.prefab
  artifactKey: Guid(18ba6fe3748708543ae8ea8689c832f0) Importer(815301076,1909f56bfc062723c751e8b465ee728b)
Start importing Assets/Resources/Prefabs/Enemies/Boss/Boss.prefab using Guid(18ba6fe3748708543ae8ea8689c832f0) Importer(815301076,1909f56bfc062723c751e8b465ee728b)  -> (artifact id: 'eb1422d6d6981d52ab91d69dc4d33bc8') in 0.011854 seconds 
========================================================================
Received Import Request.
  Time since last request: 5.832677 seconds.
  path: Assets/Resources/Prefabs/Enemies/Boss/Boss.prefab
  artifactKey: Guid(18ba6fe3748708543ae8ea8689c832f0) Importer(815301076,1909f56bfc062723c751e8b465ee728b)
Start importing Assets/Resources/Prefabs/Enemies/Boss/Boss.prefab using Guid(18ba6fe3748708543ae8ea8689c832f0) Importer(815301076,1909f56bfc062723c751e8b465ee728b)  -> (artifact id: '7a3ab4ea0bc3e2866c7eead77ee24860') in 0.009383 seconds 
========================================================================
Received Import Request.
  Time since last request: 2.456645 seconds.
  path: Assets/Resources/Prefabs/Enemies/Boss/Boss.prefab
  artifactKey: Guid(18ba6fe3748708543ae8ea8689c832f0) Importer(815301076,1909f56bfc062723c751e8b465ee728b)
Start importing Assets/Resources/Prefabs/Enemies/Boss/Boss.prefab using Guid(18ba6fe3748708543ae8ea8689c832f0) Importer(815301076,1909f56bfc062723c751e8b465ee728b)  -> (artifact id: '6e5e91b870dd4b0129b232fe3c70ce01') in 0.012276 seconds 
========================================================================
Received Import Request.
  Time since last request: 5.587666 seconds.
  path: Assets/Resources/Prefabs/Enemies/DefaultEnemy/Enemy.prefab
  artifactKey: Guid(4314e1aebe2b4564397f66b4c7e2b502) Importer(815301076,1909f56bfc062723c751e8b465ee728b)
Start importing Assets/Resources/Prefabs/Enemies/DefaultEnemy/Enemy.prefab using Guid(4314e1aebe2b4564397f66b4c7e2b502) Importer(815301076,1909f56bfc062723c751e8b465ee728b)  -> (artifact id: 'ba8af6a3512c6bbb334a9f6765630ff2') in 0.010759 seconds 
========================================================================
Received Import Request.
  Time since last request: 6.348296 seconds.
  path: Assets/Resources/Prefabs/Enemies/DefaultEnemy/Enemy.prefab
  artifactKey: Guid(4314e1aebe2b4564397f66b4c7e2b502) Importer(815301076,1909f56bfc062723c751e8b465ee728b)
Start importing Assets/Resources/Prefabs/Enemies/DefaultEnemy/Enemy.prefab using Guid(4314e1aebe2b4564397f66b4c7e2b502) Importer(815301076,1909f56bfc062723c751e8b465ee728b)  -> (artifact id: 'da73fefc89ccfb810b290a8789e0b440') in 0.011548 seconds 
========================================================================
Received Import Request.
  Time since last request: 6.021550 seconds.
  path: Assets/Resources/Prefabs/Enemies/DefaultEnemy/Enemy.prefab
  artifactKey: Guid(4314e1aebe2b4564397f66b4c7e2b502) Importer(815301076,1909f56bfc062723c751e8b465ee728b)
Start importing Assets/Resources/Prefabs/Enemies/DefaultEnemy/Enemy.prefab using Guid(4314e1aebe2b4564397f66b4c7e2b502) Importer(815301076,1909f56bfc062723c751e8b465ee728b)  -> (artifact id: '6ebeef6391c6c19b2f9e2195c0070616') in 0.011329 seconds 
========================================================================
Received Prepare
Registering precompiled user dll's ...
Registered in 0.003974 seconds.
Begin MonoManager ReloadAssembly
Symbol file LoadedFromMemory doesn't match image D:\Work\Unity\TZ_CreatorsBureau_09.09.2023\Library\PackageCache\com.unity.visualscripting@1.8.0\Editor\VisualScripting.Core\Dependencies\YamlDotNet\Unity.VisualScripting.YamlDotNet.dll
Symbol file LoadedFromMemory doesn't match image D:\Work\Unity\TZ_CreatorsBureau_09.09.2023\Library\PackageCache\com.unity.visualscripting@1.8.0\Editor\VisualScripting.Core\Dependencies\DotNetZip\Unity.VisualScripting.IonicZip.dll
Native extension for WindowsStandalone target not found
Native extension for Android target not found
Native extension for WebGL target not found
Refreshing native plugins compatible for Editor in 0.63 ms, found 3 plugins.
Preloading 0 native plugins for Editor in 0.00 ms.
Mono: successfully reloaded assembly
- Completed reload, in  1.357 seconds
Domain Reload Profiling:
	ReloadAssembly (1358ms)
		BeginReloadAssembly (181ms)
			ExecutionOrderSort (0ms)
			DisableScriptedObjects (6ms)
			BackupInstance (0ms)
			ReleaseScriptingObjects (0ms)
			CreateAndSetChildDomain (46ms)
		EndReloadAssembly (1045ms)
			LoadAssemblies (115ms)
			RebuildTransferFunctionScriptingTraits (0ms)
			SetupTypeCache (322ms)
			ReleaseScriptCaches (1ms)
			RebuildScriptCaches (70ms)
			SetupLoadedEditorAssemblies (475ms)
				LogAssemblyErrors (0ms)
				InitializePlatformSupportModulesInManaged (29ms)
				SetLoadedEditorAssemblies (1ms)
				RefreshPlugins (1ms)
				BeforeProcessingInitializeOnLoad (95ms)
				ProcessInitializeOnLoadAttributes (307ms)
				ProcessInitializeOnLoadMethodAttributes (28ms)
				AfterProcessingInitializeOnLoad (15ms)
				EditorAssembliesLoaded (0ms)
			ExecutionOrderSort2 (0ms)
			AwakeInstancesAfterBackupRestoration (10ms)
Platform modules already initialized, skipping
Refreshing native plugins compatible for Editor in 2.20 ms, found 3 plugins.
Preloading 0 native plugins for Editor in 0.00 ms.
Unloading 3249 Unused Serialized files (Serialized files now loaded: 0)
Unloading 18 unused Assets / (151.1 KB). Loaded Objects now: 3780.
Memory consumption went from 132.3 MB to 132.2 MB.
Total: 3.686500 ms (FindLiveObjects: 0.293900 ms CreateObjectMapping: 0.082600 ms MarkObjects: 3.119900 ms  DeleteObjects: 0.188500 ms)

AssetImportParameters requested are different than current active one (requested -> active):
  custom:video-decoder-ogg-theora: a1e56fd34408186e4bbccfd4996cb3dc -> 
  custom:container-muxer-webm: aa71ff27fc2769a1b78a27578f13a17b -> 
  custom:container-demuxer-webm: 4f35f7cbe854078d1ac9338744f61a02 -> 
  custom:video-encoder-webm-vp8: eb34c28f22e8b96e1ab97ce403110664 -> 
  custom:video-codec-MediaFoundation-h265: 746d11721c4dcdbdad8f713fa42b33f4 -> 
  custom:audio-encoder-webm-vorbis: bf7c407c2cedff20999df2af8eb42d56 -> 
  custom:framework-win-MediaFoundation: 216162199b28c13a410421893ffa2e32 -> 
  custom:container-demuxer-ogg: 62fdf1f143b41e24485cea50d1cbac27 -> 
  custom:video-decoder-webm-vp8: 9c59270c3fd7afecdb556c50c9e8de78 -> 
  custom:audio-decoder-ogg-vorbis: bf7c407c2cedff20999df2af8eb42d56 -> 
========================================================================
Received Import Request.
  Time since last request: 34.972036 seconds.
  path: Assets/Resources/Prefabs/Enemies/DefaultEnemy/Enemy.prefab
  artifactKey: Guid(4314e1aebe2b4564397f66b4c7e2b502) Importer(815301076,1909f56bfc062723c751e8b465ee728b)
Start importing Assets/Resources/Prefabs/Enemies/DefaultEnemy/Enemy.prefab using Guid(4314e1aebe2b4564397f66b4c7e2b502) Importer(815301076,1909f56bfc062723c751e8b465ee728b)  -> (artifact id: '42c15b06fc4ca7108d9bcb303b874721') in 0.079593 seconds 
========================================================================
Received Import Request.
  Time since last request: 3.755997 seconds.
  path: Assets/Resources/Prefabs/Enemies/Boss/Boss.prefab
  artifactKey: Guid(18ba6fe3748708543ae8ea8689c832f0) Importer(815301076,1909f56bfc062723c751e8b465ee728b)
Start importing Assets/Resources/Prefabs/Enemies/Boss/Boss.prefab using Guid(18ba6fe3748708543ae8ea8689c832f0) Importer(815301076,1909f56bfc062723c751e8b465ee728b)  -> (artifact id: 'cf8f14cfeeeebf7742fdf2a9b310ef97') in 0.011806 seconds 
========================================================================
Received Import Request.
  Time since last request: 2.156384 seconds.
  path: Assets/Resources/Prefabs/Enemies/Boss/Boss.prefab
  artifactKey: Guid(18ba6fe3748708543ae8ea8689c832f0) Importer(815301076,1909f56bfc062723c751e8b465ee728b)
Start importing Assets/Resources/Prefabs/Enemies/Boss/Boss.prefab using Guid(18ba6fe3748708543ae8ea8689c832f0) Importer(815301076,1909f56bfc062723c751e8b465ee728b)  -> (artifact id: 'e9efc7e403a46502af1b8d61a38ed467') in 0.011941 seconds 
========================================================================
Received Import Request.
  Time since last request: 8.995498 seconds.
  path: Assets/Resources/Prefabs/Player/Player.prefab
  artifactKey: Guid(0f557886154fafb47aedf81a4699e0a6) Importer(815301076,1909f56bfc062723c751e8b465ee728b)
Start importing Assets/Resources/Prefabs/Player/Player.prefab using Guid(0f557886154fafb47aedf81a4699e0a6) Importer(815301076,1909f56bfc062723c751e8b465ee728b)  -> (artifact id: '0aee7c99db379877f4008c5fd891f1b0') in 0.011680 seconds 
========================================================================
Received Import Request.
  Time since last request: 4.829441 seconds.
  path: Assets/Resources/Prefabs/Player/Player.prefab
  artifactKey: Guid(0f557886154fafb47aedf81a4699e0a6) Importer(815301076,1909f56bfc062723c751e8b465ee728b)
Start importing Assets/Resources/Prefabs/Player/Player.prefab using Guid(0f557886154fafb47aedf81a4699e0a6) Importer(815301076,1909f56bfc062723c751e8b465ee728b)  -> (artifact id: 'c7c1fe3abdaf951fc99f4a91b4172eb9') in 0.012015 seconds 
========================================================================
Received Import Request.
  Time since last request: 4.514264 seconds.
  path: Assets/Resources/Prefabs/Player/Player.prefab
  artifactKey: Guid(0f557886154fafb47aedf81a4699e0a6) Importer(815301076,1909f56bfc062723c751e8b465ee728b)
Start importing Assets/Resources/Prefabs/Player/Player.prefab using Guid(0f557886154fafb47aedf81a4699e0a6) Importer(815301076,1909f56bfc062723c751e8b465ee728b)  -> (artifact id: '3ce14a464a3af1377495d3e95743abdf') in 0.015165 seconds 
========================================================================
Received Import Request.
  Time since last request: 3.640997 seconds.
  path: Assets/Resources/Prefabs/Player/Player.prefab
  artifactKey: Guid(0f557886154fafb47aedf81a4699e0a6) Importer(815301076,1909f56bfc062723c751e8b465ee728b)
Start importing Assets/Resources/Prefabs/Player/Player.prefab using Guid(0f557886154fafb47aedf81a4699e0a6) Importer(815301076,1909f56bfc062723c751e8b465ee728b)  -> (artifact id: 'adeb71e7b35cfed9c8844dce64a0131d') in 0.014307 seconds 
========================================================================
Received Import Request.
  Time since last request: 4.180562 seconds.
  path: Assets/Resources/Prefabs/Player/Player.prefab
  artifactKey: Guid(0f557886154fafb47aedf81a4699e0a6) Importer(815301076,1909f56bfc062723c751e8b465ee728b)
Start importing Assets/Resources/Prefabs/Player/Player.prefab using Guid(0f557886154fafb47aedf81a4699e0a6) Importer(815301076,1909f56bfc062723c751e8b465ee728b)  -> (artifact id: '519b042a25d23c0081d25f8ee5a070d7') in 0.011310 seconds 
========================================================================
Received Import Request.
  Time since last request: 8.038957 seconds.
  path: Assets/Resources/Prefabs/Enemies/Boss/Boss.prefab
  artifactKey: Guid(18ba6fe3748708543ae8ea8689c832f0) Importer(815301076,1909f56bfc062723c751e8b465ee728b)
Start importing Assets/Resources/Prefabs/Enemies/Boss/Boss.prefab using Guid(18ba6fe3748708543ae8ea8689c832f0) Importer(815301076,1909f56bfc062723c751e8b465ee728b)  -> (artifact id: '24168718ecadccde23d29452b4afd052') in 0.011219 seconds 
========================================================================
Received Import Request.
  Time since last request: 1.359850 seconds.
  path: Assets/Resources/Prefabs/Enemies/Boss/Boss.prefab
  artifactKey: Guid(18ba6fe3748708543ae8ea8689c832f0) Importer(815301076,1909f56bfc062723c751e8b465ee728b)
Start importing Assets/Resources/Prefabs/Enemies/Boss/Boss.prefab using Guid(18ba6fe3748708543ae8ea8689c832f0) Importer(815301076,1909f56bfc062723c751e8b465ee728b)  -> (artifact id: '4e1506488f482cc9d7d352655d48ea77') in 0.016403 seconds 
========================================================================
Received Import Request.
  Time since last request: 8.084428 seconds.
  path: Assets/Resources/Prefabs/Player/PlayerAnimator.controller
  artifactKey: Guid(90e90a153a1b0b94a91db7febabefcd1) Importer(815301076,1909f56bfc062723c751e8b465ee728b)
Start importing Assets/Resources/Prefabs/Player/PlayerAnimator.controller using Guid(90e90a153a1b0b94a91db7febabefcd1) Importer(815301076,1909f56bfc062723c751e8b465ee728b)  -> (artifact id: '5f044f01251bdd0f094bc2dd05cd01fb') in 0.003572 seconds 
========================================================================
Received Import Request.
  Time since last request: 2.418712 seconds.
  path: Assets/Resources/Prefabs/Player/Player.prefab
  artifactKey: Guid(0f557886154fafb47aedf81a4699e0a6) Importer(815301076,1909f56bfc062723c751e8b465ee728b)
Start importing Assets/Resources/Prefabs/Player/Player.prefab using Guid(0f557886154fafb47aedf81a4699e0a6) Importer(815301076,1909f56bfc062723c751e8b465ee728b)  -> (artifact id: 'a928899a7db4601bdca8369ee3c82959') in 0.012559 seconds 
========================================================================
Received Import Request.
  Time since last request: 1.585097 seconds.
  path: Assets/Resources/Prefabs/Player/Player.prefab
  artifactKey: Guid(0f557886154fafb47aedf81a4699e0a6) Importer(815301076,1909f56bfc062723c751e8b465ee728b)
Start importing Assets/Resources/Prefabs/Player/Player.prefab using Guid(0f557886154fafb47aedf81a4699e0a6) Importer(815301076,1909f56bfc062723c751e8b465ee728b)  -> (artifact id: '17f7e29a7a0ec5c5773deea691857289') in 0.013526 seconds 
========================================================================
Received Import Request.
  Time since last request: 1.784390 seconds.
  path: Assets/Resources/Prefabs/Player/Player.prefab
  artifactKey: Guid(0f557886154fafb47aedf81a4699e0a6) Importer(815301076,1909f56bfc062723c751e8b465ee728b)
Start importing Assets/Resources/Prefabs/Player/Player.prefab using Guid(0f557886154fafb47aedf81a4699e0a6) Importer(815301076,1909f56bfc062723c751e8b465ee728b)  -> (artifact id: 'be6d74169d763bd7a2fb3094a75075eb') in 0.011192 seconds 
========================================================================
Received Prepare
Registering precompiled user dll's ...
Registered in 0.004314 seconds.
Begin MonoManager ReloadAssembly
Symbol file LoadedFromMemory doesn't match image D:\Work\Unity\TZ_CreatorsBureau_09.09.2023\Library\PackageCache\com.unity.visualscripting@1.8.0\Editor\VisualScripting.Core\Dependencies\YamlDotNet\Unity.VisualScripting.YamlDotNet.dll
Symbol file LoadedFromMemory doesn't match image D:\Work\Unity\TZ_CreatorsBureau_09.09.2023\Library\PackageCache\com.unity.visualscripting@1.8.0\Editor\VisualScripting.Core\Dependencies\DotNetZip\Unity.VisualScripting.IonicZip.dll
Native extension for WindowsStandalone target not found
Native extension for Android target not found
Native extension for WebGL target not found
Refreshing native plugins compatible for Editor in 0.64 ms, found 3 plugins.
Preloading 0 native plugins for Editor in 0.00 ms.
Mono: successfully reloaded assembly
- Completed reload, in  1.336 seconds
Domain Reload Profiling:
	ReloadAssembly (1337ms)
		BeginReloadAssembly (183ms)
			ExecutionOrderSort (0ms)
			DisableScriptedObjects (6ms)
			BackupInstance (0ms)
			ReleaseScriptingObjects (0ms)
			CreateAndSetChildDomain (45ms)
		EndReloadAssembly (1032ms)
			LoadAssemblies (121ms)
			RebuildTransferFunctionScriptingTraits (0ms)
			SetupTypeCache (319ms)
			ReleaseScriptCaches (2ms)
			RebuildScriptCaches (68ms)
			SetupLoadedEditorAssemblies (463ms)
				LogAssemblyErrors (0ms)
				InitializePlatformSupportModulesInManaged (27ms)
				SetLoadedEditorAssemblies (1ms)
				RefreshPlugins (1ms)
				BeforeProcessingInitializeOnLoad (89ms)
				ProcessInitializeOnLoadAttributes (302ms)
				ProcessInitializeOnLoadMethodAttributes (31ms)
				AfterProcessingInitializeOnLoad (13ms)
				EditorAssembliesLoaded (0ms)
			ExecutionOrderSort2 (0ms)
			AwakeInstancesAfterBackupRestoration (9ms)
Platform modules already initialized, skipping
Refreshing native plugins compatible for Editor in 1.70 ms, found 3 plugins.
Preloading 0 native plugins for Editor in 0.00 ms.
Unloading 3249 Unused Serialized files (Serialized files now loaded: 0)
Unloading 18 unused Assets / (151.1 KB). Loaded Objects now: 3795.
Memory consumption went from 132.5 MB to 132.3 MB.
Total: 4.054800 ms (FindLiveObjects: 0.298100 ms CreateObjectMapping: 0.084800 ms MarkObjects: 3.548900 ms  DeleteObjects: 0.121800 ms)

AssetImportParameters requested are different than current active one (requested -> active):
  custom:video-decoder-ogg-theora: a1e56fd34408186e4bbccfd4996cb3dc -> 
  custom:container-muxer-webm: aa71ff27fc2769a1b78a27578f13a17b -> 
  custom:container-demuxer-webm: 4f35f7cbe854078d1ac9338744f61a02 -> 
  custom:video-encoder-webm-vp8: eb34c28f22e8b96e1ab97ce403110664 -> 
  custom:video-codec-MediaFoundation-h265: 746d11721c4dcdbdad8f713fa42b33f4 -> 
  custom:audio-encoder-webm-vorbis: bf7c407c2cedff20999df2af8eb42d56 -> 
  custom:framework-win-MediaFoundation: 216162199b28c13a410421893ffa2e32 -> 
  custom:container-demuxer-ogg: 62fdf1f143b41e24485cea50d1cbac27 -> 
  custom:video-decoder-webm-vp8: 9c59270c3fd7afecdb556c50c9e8de78 -> 
  custom:audio-decoder-ogg-vorbis: bf7c407c2cedff20999df2af8eb42d56 -> 
========================================================================
Received Import Request.
  Time since last request: 27.447567 seconds.
  path: Assets/Resources/Prefabs/Track/BossRoadSegment.prefab
  artifactKey: Guid(90925cf46832b3846ad2b2971ef4693f) Importer(815301076,1909f56bfc062723c751e8b465ee728b)
Start importing Assets/Resources/Prefabs/Track/BossRoadSegment.prefab using Guid(90925cf46832b3846ad2b2971ef4693f) Importer(815301076,1909f56bfc062723c751e8b465ee728b)  -> (artifact id: 'dd88cc5ce38517a8e45204c781026601') in 0.082603 seconds 
========================================================================
Received Import Request.
  Time since last request: 5.423216 seconds.
  path: Assets/Resources/Prefabs/Enemies/Boss/Boss.prefab
  artifactKey: Guid(18ba6fe3748708543ae8ea8689c832f0) Importer(815301076,1909f56bfc062723c751e8b465ee728b)
Start importing Assets/Resources/Prefabs/Enemies/Boss/Boss.prefab using Guid(18ba6fe3748708543ae8ea8689c832f0) Importer(815301076,1909f56bfc062723c751e8b465ee728b)  -> (artifact id: '8d0365a2ce5a2d509f9eeaa8b8febe88') in 0.015356 seconds 
========================================================================
Received Prepare
Registering precompiled user dll's ...
Registered in 0.005614 seconds.
Begin MonoManager ReloadAssembly
Symbol file LoadedFromMemory doesn't match image D:\Work\Unity\TZ_CreatorsBureau_09.09.2023\Library\PackageCache\com.unity.visualscripting@1.8.0\Editor\VisualScripting.Core\Dependencies\YamlDotNet\Unity.VisualScripting.YamlDotNet.dll
Symbol file LoadedFromMemory doesn't match image D:\Work\Unity\TZ_CreatorsBureau_09.09.2023\Library\PackageCache\com.unity.visualscripting@1.8.0\Editor\VisualScripting.Core\Dependencies\DotNetZip\Unity.VisualScripting.IonicZip.dll
Native extension for WindowsStandalone target not found
Native extension for Android target not found
Native extension for WebGL target not found
Refreshing native plugins compatible for Editor in 1.05 ms, found 3 plugins.
Preloading 0 native plugins for Editor in 0.00 ms.
Mono: successfully reloaded assembly
- Completed reload, in  1.376 seconds
Domain Reload Profiling:
	ReloadAssembly (1377ms)
		BeginReloadAssembly (174ms)
			ExecutionOrderSort (0ms)
			DisableScriptedObjects (7ms)
			BackupInstance (0ms)
			ReleaseScriptingObjects (0ms)
			CreateAndSetChildDomain (41ms)
		EndReloadAssembly (1076ms)
			LoadAssemblies (117ms)
			RebuildTransferFunctionScriptingTraits (0ms)
			SetupTypeCache (352ms)
			ReleaseScriptCaches (2ms)
			RebuildScriptCaches (66ms)
			SetupLoadedEditorAssemblies (466ms)
				LogAssemblyErrors (0ms)
				InitializePlatformSupportModulesInManaged (29ms)
				SetLoadedEditorAssemblies (1ms)
				RefreshPlugins (1ms)
				BeforeProcessingInitializeOnLoad (91ms)
				ProcessInitializeOnLoadAttributes (301ms)
				ProcessInitializeOnLoadMethodAttributes (30ms)
				AfterProcessingInitializeOnLoad (13ms)
				EditorAssembliesLoaded (0ms)
			ExecutionOrderSort2 (0ms)
			AwakeInstancesAfterBackupRestoration (11ms)
Platform modules already initialized, skipping
Refreshing native plugins compatible for Editor in 2.61 ms, found 3 plugins.
Preloading 0 native plugins for Editor in 0.00 ms.
Unloading 3249 Unused Serialized files (Serialized files now loaded: 0)
Unloading 18 unused Assets / (151.2 KB). Loaded Objects now: 3811.
Memory consumption went from 132.5 MB to 132.3 MB.
Total: 4.699900 ms (FindLiveObjects: 0.307500 ms CreateObjectMapping: 0.091500 ms MarkObjects: 4.166600 ms  DeleteObjects: 0.132400 ms)

AssetImportParameters requested are different than current active one (requested -> active):
  custom:video-decoder-ogg-theora: a1e56fd34408186e4bbccfd4996cb3dc -> 
  custom:container-muxer-webm: aa71ff27fc2769a1b78a27578f13a17b -> 
  custom:container-demuxer-webm: 4f35f7cbe854078d1ac9338744f61a02 -> 
  custom:video-encoder-webm-vp8: eb34c28f22e8b96e1ab97ce403110664 -> 
  custom:video-codec-MediaFoundation-h265: 746d11721c4dcdbdad8f713fa42b33f4 -> 
  custom:audio-encoder-webm-vorbis: bf7c407c2cedff20999df2af8eb42d56 -> 
  custom:framework-win-MediaFoundation: 216162199b28c13a410421893ffa2e32 -> 
  custom:container-demuxer-ogg: 62fdf1f143b41e24485cea50d1cbac27 -> 
  custom:video-decoder-webm-vp8: 9c59270c3fd7afecdb556c50c9e8de78 -> 
  custom:audio-decoder-ogg-vorbis: bf7c407c2cedff20999df2af8eb42d56 -> 
========================================================================
Received Import Request.
  Time since last request: 25.219735 seconds.
  path: Assets/Resources/Prefabs/Track/BossRoadSegment.prefab
  artifactKey: Guid(90925cf46832b3846ad2b2971ef4693f) Importer(815301076,1909f56bfc062723c751e8b465ee728b)
Start importing Assets/Resources/Prefabs/Track/BossRoadSegment.prefab using Guid(90925cf46832b3846ad2b2971ef4693f) Importer(815301076,1909f56bfc062723c751e8b465ee728b)  -> (artifact id: '49bf1f4c83c0389d42b4615728fbf594') in 0.084107 seconds 
========================================================================
Received Import Request.
  Time since last request: 3.166709 seconds.
  path: Assets/Resources/Prefabs/Track/BossRoadSegment.prefab
  artifactKey: Guid(90925cf46832b3846ad2b2971ef4693f) Importer(815301076,1909f56bfc062723c751e8b465ee728b)
Start importing Assets/Resources/Prefabs/Track/BossRoadSegment.prefab using Guid(90925cf46832b3846ad2b2971ef4693f) Importer(815301076,1909f56bfc062723c751e8b465ee728b)  -> (artifact id: '119e78818ab01c7596826a2309a94960') in 0.013368 seconds 
========================================================================
Received Prepare
Registering precompiled user dll's ...
Registered in 0.006031 seconds.
Begin MonoManager ReloadAssembly
Symbol file LoadedFromMemory doesn't match image D:\Work\Unity\TZ_CreatorsBureau_09.09.2023\Library\PackageCache\com.unity.visualscripting@1.8.0\Editor\VisualScripting.Core\Dependencies\YamlDotNet\Unity.VisualScripting.YamlDotNet.dll
Symbol file LoadedFromMemory doesn't match image D:\Work\Unity\TZ_CreatorsBureau_09.09.2023\Library\PackageCache\com.unity.visualscripting@1.8.0\Editor\VisualScripting.Core\Dependencies\DotNetZip\Unity.VisualScripting.IonicZip.dll
Native extension for WindowsStandalone target not found
Native extension for Android target not found
Native extension for WebGL target not found
Refreshing native plugins compatible for Editor in 0.66 ms, found 3 plugins.
Preloading 0 native plugins for Editor in 0.00 ms.
Mono: successfully reloaded assembly
- Completed reload, in  1.381 seconds
Domain Reload Profiling:
	ReloadAssembly (1382ms)
		BeginReloadAssembly (183ms)
			ExecutionOrderSort (0ms)
			DisableScriptedObjects (6ms)
			BackupInstance (0ms)
			ReleaseScriptingObjects (0ms)
			CreateAndSetChildDomain (48ms)
		EndReloadAssembly (1065ms)
			LoadAssemblies (117ms)
			RebuildTransferFunctionScriptingTraits (0ms)
			SetupTypeCache (334ms)
			ReleaseScriptCaches (1ms)
			RebuildScriptCaches (68ms)
			SetupLoadedEditorAssemblies (476ms)
				LogAssemblyErrors (0ms)
				InitializePlatformSupportModulesInManaged (30ms)
				SetLoadedEditorAssemblies (1ms)
				RefreshPlugins (1ms)
				BeforeProcessingInitializeOnLoad (94ms)
				ProcessInitializeOnLoadAttributes (308ms)
				ProcessInitializeOnLoadMethodAttributes (29ms)
				AfterProcessingInitializeOnLoad (13ms)
				EditorAssembliesLoaded (0ms)
			ExecutionOrderSort2 (0ms)
			AwakeInstancesAfterBackupRestoration (9ms)
Platform modules already initialized, skipping
Refreshing native plugins compatible for Editor in 1.92 ms, found 3 plugins.
Preloading 0 native plugins for Editor in 0.00 ms.
Unloading 3249 Unused Serialized files (Serialized files now loaded: 0)
Unloading 18 unused Assets / (151.1 KB). Loaded Objects now: 3826.
Memory consumption went from 132.5 MB to 132.3 MB.
Total: 3.980300 ms (FindLiveObjects: 0.346200 ms CreateObjectMapping: 0.083400 ms MarkObjects: 3.397800 ms  DeleteObjects: 0.151400 ms)

AssetImportParameters requested are different than current active one (requested -> active):
  custom:video-decoder-ogg-theora: a1e56fd34408186e4bbccfd4996cb3dc -> 
  custom:container-muxer-webm: aa71ff27fc2769a1b78a27578f13a17b -> 
  custom:container-demuxer-webm: 4f35f7cbe854078d1ac9338744f61a02 -> 
  custom:video-encoder-webm-vp8: eb34c28f22e8b96e1ab97ce403110664 -> 
  custom:video-codec-MediaFoundation-h265: 746d11721c4dcdbdad8f713fa42b33f4 -> 
  custom:audio-encoder-webm-vorbis: bf7c407c2cedff20999df2af8eb42d56 -> 
  custom:framework-win-MediaFoundation: 216162199b28c13a410421893ffa2e32 -> 
  custom:container-demuxer-ogg: 62fdf1f143b41e24485cea50d1cbac27 -> 
  custom:video-decoder-webm-vp8: 9c59270c3fd7afecdb556c50c9e8de78 -> 
  custom:audio-decoder-ogg-vorbis: bf7c407c2cedff20999df2af8eb42d56 -> 
========================================================================
Received Import Request.
  Time since last request: 40.127854 seconds.
  path: Assets/Resources/Prefabs/Enemies/DefaultEnemy/Enemy.prefab
  artifactKey: Guid(4314e1aebe2b4564397f66b4c7e2b502) Importer(815301076,1909f56bfc062723c751e8b465ee728b)
Start importing Assets/Resources/Prefabs/Enemies/DefaultEnemy/Enemy.prefab using Guid(4314e1aebe2b4564397f66b4c7e2b502) Importer(815301076,1909f56bfc062723c751e8b465ee728b)  -> (artifact id: 'd259d468fa7f695f25768d1731669835') in 0.078965 seconds 
========================================================================
Received Import Request.
  Time since last request: 3.990304 seconds.
  path: Assets/Resources/Prefabs/Enemies/DefaultEnemy/Enemy.prefab
  artifactKey: Guid(4314e1aebe2b4564397f66b4c7e2b502) Importer(815301076,1909f56bfc062723c751e8b465ee728b)
Start importing Assets/Resources/Prefabs/Enemies/DefaultEnemy/Enemy.prefab using Guid(4314e1aebe2b4564397f66b4c7e2b502) Importer(815301076,1909f56bfc062723c751e8b465ee728b)  -> (artifact id: 'b5744ca11eb2ae699117e8279d1b8014') in 0.012091 seconds 
========================================================================
Received Prepare
Registering precompiled user dll's ...
Registered in 0.004759 seconds.
Begin MonoManager ReloadAssembly
Symbol file LoadedFromMemory doesn't match image D:\Work\Unity\TZ_CreatorsBureau_09.09.2023\Library\PackageCache\com.unity.visualscripting@1.8.0\Editor\VisualScripting.Core\Dependencies\YamlDotNet\Unity.VisualScripting.YamlDotNet.dll
Symbol file LoadedFromMemory doesn't match image D:\Work\Unity\TZ_CreatorsBureau_09.09.2023\Library\PackageCache\com.unity.visualscripting@1.8.0\Editor\VisualScripting.Core\Dependencies\DotNetZip\Unity.VisualScripting.IonicZip.dll
Native extension for WindowsStandalone target not found
Native extension for Android target not found
Native extension for WebGL target not found
Refreshing native plugins compatible for Editor in 0.76 ms, found 3 plugins.
Preloading 0 native plugins for Editor in 0.00 ms.
Mono: successfully reloaded assembly
- Completed reload, in  1.375 seconds
Domain Reload Profiling:
	ReloadAssembly (1376ms)
		BeginReloadAssembly (186ms)
			ExecutionOrderSort (0ms)
			DisableScriptedObjects (7ms)
			BackupInstance (0ms)
			ReleaseScriptingObjects (0ms)
			CreateAndSetChildDomain (41ms)
		EndReloadAssembly (1040ms)
			LoadAssemblies (124ms)
			RebuildTransferFunctionScriptingTraits (0ms)
			SetupTypeCache (323ms)
			ReleaseScriptCaches (1ms)
			RebuildScriptCaches (60ms)
			SetupLoadedEditorAssemblies (477ms)
				LogAssemblyErrors (0ms)
				InitializePlatformSupportModulesInManaged (28ms)
				SetLoadedEditorAssemblies (1ms)
				RefreshPlugins (1ms)
				BeforeProcessingInitializeOnLoad (101ms)
				ProcessInitializeOnLoadAttributes (306ms)
				ProcessInitializeOnLoadMethodAttributes (28ms)
				AfterProcessingInitializeOnLoad (12ms)
				EditorAssembliesLoaded (0ms)
			ExecutionOrderSort2 (0ms)
			AwakeInstancesAfterBackupRestoration (9ms)
Platform modules already initialized, skipping
Refreshing native plugins compatible for Editor in 2.18 ms, found 3 plugins.
Preloading 0 native plugins for Editor in 0.00 ms.
Unloading 3249 Unused Serialized files (Serialized files now loaded: 0)
Unloading 18 unused Assets / (151.0 KB). Loaded Objects now: 3841.
Memory consumption went from 132.5 MB to 132.4 MB.
Total: 3.793700 ms (FindLiveObjects: 0.328200 ms CreateObjectMapping: 0.086800 ms MarkObjects: 3.220100 ms  DeleteObjects: 0.157300 ms)

AssetImportParameters requested are different than current active one (requested -> active):
  custom:video-decoder-ogg-theora: a1e56fd34408186e4bbccfd4996cb3dc -> 
  custom:container-muxer-webm: aa71ff27fc2769a1b78a27578f13a17b -> 
  custom:container-demuxer-webm: 4f35f7cbe854078d1ac9338744f61a02 -> 
  custom:video-encoder-webm-vp8: eb34c28f22e8b96e1ab97ce403110664 -> 
  custom:video-codec-MediaFoundation-h265: 746d11721c4dcdbdad8f713fa42b33f4 -> 
  custom:audio-encoder-webm-vorbis: bf7c407c2cedff20999df2af8eb42d56 -> 
  custom:framework-win-MediaFoundation: 216162199b28c13a410421893ffa2e32 -> 
  custom:container-demuxer-ogg: 62fdf1f143b41e24485cea50d1cbac27 -> 
  custom:video-decoder-webm-vp8: 9c59270c3fd7afecdb556c50c9e8de78 -> 
  custom:audio-decoder-ogg-vorbis: bf7c407c2cedff20999df2af8eb42d56 -> 
========================================================================
Received Import Request.
  Time since last request: 18.887839 seconds.
  path: Assets/Resources/Prefabs/Enemies/DefaultEnemy/Enemy.prefab
  artifactKey: Guid(4314e1aebe2b4564397f66b4c7e2b502) Importer(815301076,1909f56bfc062723c751e8b465ee728b)
Start importing Assets/Resources/Prefabs/Enemies/DefaultEnemy/Enemy.prefab using Guid(4314e1aebe2b4564397f66b4c7e2b502) Importer(815301076,1909f56bfc062723c751e8b465ee728b)  -> (artifact id: '1146476edb5beb53707e00363e16bd12') in 0.080428 seconds 
========================================================================
Received Import Request.
  Time since last request: 10.574056 seconds.
  path: Assets/Resources/Prefabs/Enemies/DefaultEnemy/Enemy.prefab
  artifactKey: Guid(4314e1aebe2b4564397f66b4c7e2b502) Importer(815301076,1909f56bfc062723c751e8b465ee728b)
Start importing Assets/Resources/Prefabs/Enemies/DefaultEnemy/Enemy.prefab using Guid(4314e1aebe2b4564397f66b4c7e2b502) Importer(815301076,1909f56bfc062723c751e8b465ee728b)  -> (artifact id: '9754f4ec084b1595516f28a45518090a') in 0.010766 seconds 
========================================================================
Received Import Request.
  Time since last request: 4.523612 seconds.
  path: Assets/Resources/Prefabs/Enemies/Boss/Boss.prefab
  artifactKey: Guid(18ba6fe3748708543ae8ea8689c832f0) Importer(815301076,1909f56bfc062723c751e8b465ee728b)
Start importing Assets/Resources/Prefabs/Enemies/Boss/Boss.prefab using Guid(18ba6fe3748708543ae8ea8689c832f0) Importer(815301076,1909f56bfc062723c751e8b465ee728b)  -> (artifact id: '8850ca4fd5caa0f4bd51709db36acfed') in 0.011155 seconds 
========================================================================
Received Import Request.
  Time since last request: 4.504577 seconds.
  path: Assets/Resources/Prefabs/Enemies/Boss/Boss.prefab
  artifactKey: Guid(18ba6fe3748708543ae8ea8689c832f0) Importer(815301076,1909f56bfc062723c751e8b465ee728b)
Start importing Assets/Resources/Prefabs/Enemies/Boss/Boss.prefab using Guid(18ba6fe3748708543ae8ea8689c832f0) Importer(815301076,1909f56bfc062723c751e8b465ee728b)  -> (artifact id: '21cfc54428a1448dc3fc283572a1a5ca') in 0.011785 seconds 
========================================================================
Received Import Request.
  Time since last request: 3.019656 seconds.
  path: Assets/Resources/Prefabs/Enemies/Boss/Boss.prefab
  artifactKey: Guid(18ba6fe3748708543ae8ea8689c832f0) Importer(815301076,1909f56bfc062723c751e8b465ee728b)
Start importing Assets/Resources/Prefabs/Enemies/Boss/Boss.prefab using Guid(18ba6fe3748708543ae8ea8689c832f0) Importer(815301076,1909f56bfc062723c751e8b465ee728b)  -> (artifact id: '12884ad11bc8576402487615dbab8afb') in 0.012501 seconds 
========================================================================
Received Prepare
Registering precompiled user dll's ...
Registered in 0.004173 seconds.
Begin MonoManager ReloadAssembly
Symbol file LoadedFromMemory doesn't match image D:\Work\Unity\TZ_CreatorsBureau_09.09.2023\Library\PackageCache\com.unity.visualscripting@1.8.0\Editor\VisualScripting.Core\Dependencies\YamlDotNet\Unity.VisualScripting.YamlDotNet.dll
Symbol file LoadedFromMemory doesn't match image D:\Work\Unity\TZ_CreatorsBureau_09.09.2023\Library\PackageCache\com.unity.visualscripting@1.8.0\Editor\VisualScripting.Core\Dependencies\DotNetZip\Unity.VisualScripting.IonicZip.dll
Native extension for WindowsStandalone target not found
Native extension for Android target not found
Native extension for WebGL target not found
Refreshing native plugins compatible for Editor in 1.04 ms, found 3 plugins.
Preloading 0 native plugins for Editor in 0.00 ms.
Mono: successfully reloaded assembly
- Completed reload, in  1.347 seconds
Domain Reload Profiling:
	ReloadAssembly (1348ms)
		BeginReloadAssembly (171ms)
			ExecutionOrderSort (0ms)
			DisableScriptedObjects (6ms)
			BackupInstance (0ms)
			ReleaseScriptingObjects (0ms)
			CreateAndSetChildDomain (39ms)
		EndReloadAssembly (1053ms)
			LoadAssemblies (118ms)
			RebuildTransferFunctionScriptingTraits (0ms)
			SetupTypeCache (318ms)
			ReleaseScriptCaches (1ms)
			RebuildScriptCaches (68ms)
			SetupLoadedEditorAssemblies (470ms)
				LogAssemblyErrors (0ms)
				InitializePlatformSupportModulesInManaged (32ms)
				SetLoadedEditorAssemblies (1ms)
				RefreshPlugins (1ms)
				BeforeProcessingInitializeOnLoad (90ms)
				ProcessInitializeOnLoadAttributes (301ms)
				ProcessInitializeOnLoadMethodAttributes (28ms)
				AfterProcessingInitializeOnLoad (16ms)
				EditorAssembliesLoaded (0ms)
			ExecutionOrderSort2 (0ms)
			AwakeInstancesAfterBackupRestoration (9ms)
Platform modules already initialized, skipping
Refreshing native plugins compatible for Editor in 2.42 ms, found 3 plugins.
Preloading 0 native plugins for Editor in 0.00 ms.
Unloading 3249 Unused Serialized files (Serialized files now loaded: 0)
Unloading 18 unused Assets / (150.9 KB). Loaded Objects now: 3856.
Memory consumption went from 132.5 MB to 132.4 MB.
Total: 3.867500 ms (FindLiveObjects: 0.342400 ms CreateObjectMapping: 0.093100 ms MarkObjects: 3.283200 ms  DeleteObjects: 0.147100 ms)

AssetImportParameters requested are different than current active one (requested -> active):
  custom:video-decoder-ogg-theora: a1e56fd34408186e4bbccfd4996cb3dc -> 
  custom:container-muxer-webm: aa71ff27fc2769a1b78a27578f13a17b -> 
  custom:container-demuxer-webm: 4f35f7cbe854078d1ac9338744f61a02 -> 
  custom:video-encoder-webm-vp8: eb34c28f22e8b96e1ab97ce403110664 -> 
  custom:video-codec-MediaFoundation-h265: 746d11721c4dcdbdad8f713fa42b33f4 -> 
  custom:audio-encoder-webm-vorbis: bf7c407c2cedff20999df2af8eb42d56 -> 
  custom:framework-win-MediaFoundation: 216162199b28c13a410421893ffa2e32 -> 
  custom:container-demuxer-ogg: 62fdf1f143b41e24485cea50d1cbac27 -> 
  custom:video-decoder-webm-vp8: 9c59270c3fd7afecdb556c50c9e8de78 -> 
  custom:audio-decoder-ogg-vorbis: bf7c407c2cedff20999df2af8eb42d56 -> 
========================================================================
Received Import Request.
  Time since last request: 16.859600 seconds.
  path: Assets/Resources/Prefabs/Enemies/Boss/Boss.prefab
  artifactKey: Guid(18ba6fe3748708543ae8ea8689c832f0) Importer(815301076,1909f56bfc062723c751e8b465ee728b)
Start importing Assets/Resources/Prefabs/Enemies/Boss/Boss.prefab using Guid(18ba6fe3748708543ae8ea8689c832f0) Importer(815301076,1909f56bfc062723c751e8b465ee728b)  -> (artifact id: '98deb742984e11c6416c9eb3dd43ca0d') in 0.077453 seconds 
========================================================================
Received Import Request.
  Time since last request: 6.638438 seconds.
  path: Assets/Resources/Prefabs/Enemies/DefaultEnemy/Enemy.prefab
  artifactKey: Guid(4314e1aebe2b4564397f66b4c7e2b502) Importer(815301076,1909f56bfc062723c751e8b465ee728b)
Start importing Assets/Resources/Prefabs/Enemies/DefaultEnemy/Enemy.prefab using Guid(4314e1aebe2b4564397f66b4c7e2b502) Importer(815301076,1909f56bfc062723c751e8b465ee728b)  -> (artifact id: '619a3f9127fa87edb1e0e20f36146541') in 0.010688 seconds 
========================================================================
Received Prepare
Registering precompiled user dll's ...
Registered in 0.003877 seconds.
Begin MonoManager ReloadAssembly
Symbol file LoadedFromMemory doesn't match image D:\Work\Unity\TZ_CreatorsBureau_09.09.2023\Library\PackageCache\com.unity.visualscripting@1.8.0\Editor\VisualScripting.Core\Dependencies\YamlDotNet\Unity.VisualScripting.YamlDotNet.dll
Symbol file LoadedFromMemory doesn't match image D:\Work\Unity\TZ_CreatorsBureau_09.09.2023\Library\PackageCache\com.unity.visualscripting@1.8.0\Editor\VisualScripting.Core\Dependencies\DotNetZip\Unity.VisualScripting.IonicZip.dll
Native extension for WindowsStandalone target not found
Native extension for Android target not found
Native extension for WebGL target not found
Refreshing native plugins compatible for Editor in 1.02 ms, found 3 plugins.
Preloading 0 native plugins for Editor in 0.00 ms.
Mono: successfully reloaded assembly
- Completed reload, in  1.347 seconds
Domain Reload Profiling:
	ReloadAssembly (1348ms)
		BeginReloadAssembly (193ms)
			ExecutionOrderSort (0ms)
			DisableScriptedObjects (7ms)
			BackupInstance (0ms)
			ReleaseScriptingObjects (0ms)
			CreateAndSetChildDomain (46ms)
		EndReloadAssembly (1036ms)
			LoadAssemblies (130ms)
			RebuildTransferFunctionScriptingTraits (0ms)
			SetupTypeCache (320ms)
			ReleaseScriptCaches (2ms)
			RebuildScriptCaches (61ms)
			SetupLoadedEditorAssemblies (460ms)
				LogAssemblyErrors (0ms)
				InitializePlatformSupportModulesInManaged (36ms)
				SetLoadedEditorAssemblies (1ms)
				RefreshPlugins (1ms)
				BeforeProcessingInitializeOnLoad (87ms)
				ProcessInitializeOnLoadAttributes (295ms)
				ProcessInitializeOnLoadMethodAttributes (26ms)
				AfterProcessingInitializeOnLoad (13ms)
				EditorAssembliesLoaded (0ms)
			ExecutionOrderSort2 (0ms)
			AwakeInstancesAfterBackupRestoration (9ms)
Platform modules already initialized, skipping
Refreshing native plugins compatible for Editor in 2.54 ms, found 3 plugins.
Preloading 0 native plugins for Editor in 0.00 ms.
Unloading 3249 Unused Serialized files (Serialized files now loaded: 0)
Unloading 18 unused Assets / (150.8 KB). Loaded Objects now: 3871.
Memory consumption went from 132.5 MB to 132.4 MB.
Total: 4.016000 ms (FindLiveObjects: 0.370100 ms CreateObjectMapping: 0.108700 ms MarkObjects: 3.404800 ms  DeleteObjects: 0.131200 ms)

AssetImportParameters requested are different than current active one (requested -> active):
  custom:video-decoder-ogg-theora: a1e56fd34408186e4bbccfd4996cb3dc -> 
  custom:container-muxer-webm: aa71ff27fc2769a1b78a27578f13a17b -> 
  custom:container-demuxer-webm: 4f35f7cbe854078d1ac9338744f61a02 -> 
  custom:video-encoder-webm-vp8: eb34c28f22e8b96e1ab97ce403110664 -> 
  custom:video-codec-MediaFoundation-h265: 746d11721c4dcdbdad8f713fa42b33f4 -> 
  custom:audio-encoder-webm-vorbis: bf7c407c2cedff20999df2af8eb42d56 -> 
  custom:framework-win-MediaFoundation: 216162199b28c13a410421893ffa2e32 -> 
  custom:container-demuxer-ogg: 62fdf1f143b41e24485cea50d1cbac27 -> 
  custom:video-decoder-webm-vp8: 9c59270c3fd7afecdb556c50c9e8de78 -> 
  custom:audio-decoder-ogg-vorbis: bf7c407c2cedff20999df2af8eb42d56 -> 
========================================================================
Received Prepare
Registering precompiled user dll's ...
Registered in 0.004729 seconds.
Begin MonoManager ReloadAssembly
Symbol file LoadedFromMemory doesn't match image D:\Work\Unity\TZ_CreatorsBureau_09.09.2023\Library\PackageCache\com.unity.visualscripting@1.8.0\Editor\VisualScripting.Core\Dependencies\YamlDotNet\Unity.VisualScripting.YamlDotNet.dll
Symbol file LoadedFromMemory doesn't match image D:\Work\Unity\TZ_CreatorsBureau_09.09.2023\Library\PackageCache\com.unity.visualscripting@1.8.0\Editor\VisualScripting.Core\Dependencies\DotNetZip\Unity.VisualScripting.IonicZip.dll
Native extension for WindowsStandalone target not found
Native extension for Android target not found
Native extension for WebGL target not found
Refreshing native plugins compatible for Editor in 0.64 ms, found 3 plugins.
Preloading 0 native plugins for Editor in 0.00 ms.
Mono: successfully reloaded assembly
- Completed reload, in  1.329 seconds
Domain Reload Profiling:
	ReloadAssembly (1329ms)
		BeginReloadAssembly (174ms)
			ExecutionOrderSort (0ms)
			DisableScriptedObjects (7ms)
			BackupInstance (0ms)
			ReleaseScriptingObjects (0ms)
			CreateAndSetChildDomain (38ms)
		EndReloadAssembly (1028ms)
			LoadAssemblies (117ms)
			RebuildTransferFunctionScriptingTraits (0ms)
			SetupTypeCache (315ms)
			ReleaseScriptCaches (1ms)
			RebuildScriptCaches (71ms)
			SetupLoadedEditorAssemblies (460ms)
				LogAssemblyErrors (0ms)
				InitializePlatformSupportModulesInManaged (29ms)
				SetLoadedEditorAssemblies (1ms)
				RefreshPlugins (1ms)
				BeforeProcessingInitializeOnLoad (83ms)
				ProcessInitializeOnLoadAttributes (304ms)
				ProcessInitializeOnLoadMethodAttributes (28ms)
				AfterProcessingInitializeOnLoad (13ms)
				EditorAssembliesLoaded (0ms)
			ExecutionOrderSort2 (0ms)
			AwakeInstancesAfterBackupRestoration (10ms)
Platform modules already initialized, skipping
Refreshing native plugins compatible for Editor in 2.12 ms, found 3 plugins.
Preloading 0 native plugins for Editor in 0.00 ms.
Unloading 3249 Unused Serialized files (Serialized files now loaded: 0)
Unloading 18 unused Assets / (151.0 KB). Loaded Objects now: 3886.
Memory consumption went from 132.6 MB to 132.4 MB.
Total: 3.877800 ms (FindLiveObjects: 0.355200 ms CreateObjectMapping: 0.088200 ms MarkObjects: 3.300200 ms  DeleteObjects: 0.132900 ms)

AssetImportParameters requested are different than current active one (requested -> active):
  custom:video-decoder-ogg-theora: a1e56fd34408186e4bbccfd4996cb3dc -> 
  custom:container-muxer-webm: aa71ff27fc2769a1b78a27578f13a17b -> 
  custom:container-demuxer-webm: 4f35f7cbe854078d1ac9338744f61a02 -> 
  custom:video-encoder-webm-vp8: eb34c28f22e8b96e1ab97ce403110664 -> 
  custom:video-codec-MediaFoundation-h265: 746d11721c4dcdbdad8f713fa42b33f4 -> 
  custom:audio-encoder-webm-vorbis: bf7c407c2cedff20999df2af8eb42d56 -> 
  custom:framework-win-MediaFoundation: 216162199b28c13a410421893ffa2e32 -> 
  custom:container-demuxer-ogg: 62fdf1f143b41e24485cea50d1cbac27 -> 
  custom:video-decoder-webm-vp8: 9c59270c3fd7afecdb556c50c9e8de78 -> 
  custom:audio-decoder-ogg-vorbis: bf7c407c2cedff20999df2af8eb42d56 -> 
========================================================================
Received Import Request.
  Time since last request: 128.034707 seconds.
  path: Assets/Resources/Prefabs/Player/PlayerAnimator.controller
  artifactKey: Guid(90e90a153a1b0b94a91db7febabefcd1) Importer(815301076,1909f56bfc062723c751e8b465ee728b)
Start importing Assets/Resources/Prefabs/Player/PlayerAnimator.controller using Guid(90e90a153a1b0b94a91db7febabefcd1) Importer(815301076,1909f56bfc062723c751e8b465ee728b)  -> (artifact id: 'cedc2be567556b9ce83382e76e964006') in 0.020293 seconds 
========================================================================
Received Prepare
Registering precompiled user dll's ...
Registered in 0.003980 seconds.
Begin MonoManager ReloadAssembly
Symbol file LoadedFromMemory doesn't match image D:\Work\Unity\TZ_CreatorsBureau_09.09.2023\Library\PackageCache\com.unity.visualscripting@1.8.0\Editor\VisualScripting.Core\Dependencies\YamlDotNet\Unity.VisualScripting.YamlDotNet.dll
Symbol file LoadedFromMemory doesn't match image D:\Work\Unity\TZ_CreatorsBureau_09.09.2023\Library\PackageCache\com.unity.visualscripting@1.8.0\Editor\VisualScripting.Core\Dependencies\DotNetZip\Unity.VisualScripting.IonicZip.dll
Native extension for WindowsStandalone target not found
Native extension for Android target not found
Native extension for WebGL target not found
Refreshing native plugins compatible for Editor in 1.03 ms, found 3 plugins.
Preloading 0 native plugins for Editor in 0.00 ms.
Mono: successfully reloaded assembly
- Completed reload, in  1.377 seconds
Domain Reload Profiling:
	ReloadAssembly (1378ms)
		BeginReloadAssembly (186ms)
			ExecutionOrderSort (0ms)
			DisableScriptedObjects (6ms)
			BackupInstance (0ms)
			ReleaseScriptingObjects (0ms)
			CreateAndSetChildDomain (43ms)
		EndReloadAssembly (1065ms)
			LoadAssemblies (123ms)
			RebuildTransferFunctionScriptingTraits (0ms)
			SetupTypeCache (359ms)
			ReleaseScriptCaches (1ms)
			RebuildScriptCaches (60ms)
			SetupLoadedEditorAssemblies (468ms)
				LogAssemblyErrors (0ms)
				InitializePlatformSupportModulesInManaged (31ms)
				SetLoadedEditorAssemblies (1ms)
				RefreshPlugins (1ms)
				BeforeProcessingInitializeOnLoad (92ms)
				ProcessInitializeOnLoadAttributes (302ms)
				ProcessInitializeOnLoadMethodAttributes (28ms)
				AfterProcessingInitializeOnLoad (14ms)
				EditorAssembliesLoaded (0ms)
			ExecutionOrderSort2 (0ms)
			AwakeInstancesAfterBackupRestoration (10ms)
Platform modules already initialized, skipping
Refreshing native plugins compatible for Editor in 2.08 ms, found 3 plugins.
Preloading 0 native plugins for Editor in 0.00 ms.
Unloading 3249 Unused Serialized files (Serialized files now loaded: 0)
Unloading 18 unused Assets / (150.9 KB). Loaded Objects now: 3901.
Memory consumption went from 132.6 MB to 132.4 MB.
Total: 3.454300 ms (FindLiveObjects: 0.305900 ms CreateObjectMapping: 0.085200 ms MarkObjects: 2.941900 ms  DeleteObjects: 0.120200 ms)

AssetImportParameters requested are different than current active one (requested -> active):
  custom:video-decoder-ogg-theora: a1e56fd34408186e4bbccfd4996cb3dc -> 
  custom:container-muxer-webm: aa71ff27fc2769a1b78a27578f13a17b -> 
  custom:container-demuxer-webm: 4f35f7cbe854078d1ac9338744f61a02 -> 
  custom:video-encoder-webm-vp8: eb34c28f22e8b96e1ab97ce403110664 -> 
  custom:video-codec-MediaFoundation-h265: 746d11721c4dcdbdad8f713fa42b33f4 -> 
  custom:audio-encoder-webm-vorbis: bf7c407c2cedff20999df2af8eb42d56 -> 
  custom:framework-win-MediaFoundation: 216162199b28c13a410421893ffa2e32 -> 
  custom:container-demuxer-ogg: 62fdf1f143b41e24485cea50d1cbac27 -> 
  custom:video-decoder-webm-vp8: 9c59270c3fd7afecdb556c50c9e8de78 -> 
  custom:audio-decoder-ogg-vorbis: bf7c407c2cedff20999df2af8eb42d56 -> 
========================================================================
Received Import Request.
  Time since last request: 29.964540 seconds.
  path: Assets/Resources/Prefabs/Enemies/Boss/Boss.prefab
  artifactKey: Guid(18ba6fe3748708543ae8ea8689c832f0) Importer(815301076,1909f56bfc062723c751e8b465ee728b)
Start importing Assets/Resources/Prefabs/Enemies/Boss/Boss.prefab using Guid(18ba6fe3748708543ae8ea8689c832f0) Importer(815301076,1909f56bfc062723c751e8b465ee728b)  -> (artifact id: '58fbc471500118a009fa72d87196828f') in 0.076658 seconds 
========================================================================
Received Import Request.
  Time since last request: 6.292508 seconds.
  path: Assets/Resources/Prefabs/Enemies/Boss/Boss.prefab
  artifactKey: Guid(18ba6fe3748708543ae8ea8689c832f0) Importer(815301076,1909f56bfc062723c751e8b465ee728b)
Start importing Assets/Resources/Prefabs/Enemies/Boss/Boss.prefab using Guid(18ba6fe3748708543ae8ea8689c832f0) Importer(815301076,1909f56bfc062723c751e8b465ee728b)  -> (artifact id: '92f26207d9bd147786be4a340efe2a29') in 0.011455 seconds 
========================================================================
Received Import Request.
  Time since last request: 4.972648 seconds.
  path: Assets/Resources/Prefabs/Enemies/Boss/Boss.prefab
  artifactKey: Guid(18ba6fe3748708543ae8ea8689c832f0) Importer(815301076,1909f56bfc062723c751e8b465ee728b)
Start importing Assets/Resources/Prefabs/Enemies/Boss/Boss.prefab using Guid(18ba6fe3748708543ae8ea8689c832f0) Importer(815301076,1909f56bfc062723c751e8b465ee728b)  -> (artifact id: '072c3fe61efad451827c0f63ccfc2dfc') in 0.010861 seconds 
========================================================================
Received Import Request.
  Time since last request: 7.314219 seconds.
  path: Assets/Resources/Prefabs/Track/BossRoadSegment.prefab
  artifactKey: Guid(90925cf46832b3846ad2b2971ef4693f) Importer(815301076,1909f56bfc062723c751e8b465ee728b)
Start importing Assets/Resources/Prefabs/Track/BossRoadSegment.prefab using Guid(90925cf46832b3846ad2b2971ef4693f) Importer(815301076,1909f56bfc062723c751e8b465ee728b)  -> (artifact id: '909398689dd4d1c65d74bd2ffddedc63') in 0.015703 seconds 
========================================================================
Received Prepare
Registering precompiled user dll's ...
Registered in 0.005508 seconds.
Begin MonoManager ReloadAssembly
Symbol file LoadedFromMemory doesn't match image D:\Work\Unity\TZ_CreatorsBureau_09.09.2023\Library\PackageCache\com.unity.visualscripting@1.8.0\Editor\VisualScripting.Core\Dependencies\YamlDotNet\Unity.VisualScripting.YamlDotNet.dll
Symbol file LoadedFromMemory doesn't match image D:\Work\Unity\TZ_CreatorsBureau_09.09.2023\Library\PackageCache\com.unity.visualscripting@1.8.0\Editor\VisualScripting.Core\Dependencies\DotNetZip\Unity.VisualScripting.IonicZip.dll
Native extension for WindowsStandalone target not found
Native extension for Android target not found
Native extension for WebGL target not found
Refreshing native plugins compatible for Editor in 0.66 ms, found 3 plugins.
Preloading 0 native plugins for Editor in 0.00 ms.
Mono: successfully reloaded assembly
- Completed reload, in  1.338 seconds
Domain Reload Profiling:
	ReloadAssembly (1339ms)
		BeginReloadAssembly (176ms)
			ExecutionOrderSort (0ms)
			DisableScriptedObjects (6ms)
			BackupInstance (0ms)
			ReleaseScriptingObjects (0ms)
			CreateAndSetChildDomain (39ms)
		EndReloadAssembly (1040ms)
			LoadAssemblies (120ms)
			RebuildTransferFunctionScriptingTraits (0ms)
			SetupTypeCache (339ms)
			ReleaseScriptCaches (1ms)
			RebuildScriptCaches (65ms)
			SetupLoadedEditorAssemblies (455ms)
				LogAssemblyErrors (0ms)
				InitializePlatformSupportModulesInManaged (28ms)
				SetLoadedEditorAssemblies (1ms)
				RefreshPlugins (1ms)
				BeforeProcessingInitializeOnLoad (91ms)
				ProcessInitializeOnLoadAttributes (293ms)
				ProcessInitializeOnLoadMethodAttributes (28ms)
				AfterProcessingInitializeOnLoad (13ms)
				EditorAssembliesLoaded (0ms)
			ExecutionOrderSort2 (0ms)
			AwakeInstancesAfterBackupRestoration (12ms)
Platform modules already initialized, skipping
Refreshing native plugins compatible for Editor in 2.14 ms, found 3 plugins.
Preloading 0 native plugins for Editor in 0.00 ms.
Unloading 3249 Unused Serialized files (Serialized files now loaded: 0)
Unloading 18 unused Assets / (150.8 KB). Loaded Objects now: 3916.
Memory consumption went from 132.7 MB to 132.6 MB.
Total: 4.068800 ms (FindLiveObjects: 0.316900 ms CreateObjectMapping: 0.115900 ms MarkObjects: 3.509400 ms  DeleteObjects: 0.125000 ms)

AssetImportParameters requested are different than current active one (requested -> active):
  custom:video-decoder-ogg-theora: a1e56fd34408186e4bbccfd4996cb3dc -> 
  custom:container-muxer-webm: aa71ff27fc2769a1b78a27578f13a17b -> 
  custom:container-demuxer-webm: 4f35f7cbe854078d1ac9338744f61a02 -> 
  custom:video-encoder-webm-vp8: eb34c28f22e8b96e1ab97ce403110664 -> 
  custom:video-codec-MediaFoundation-h265: 746d11721c4dcdbdad8f713fa42b33f4 -> 
  custom:audio-encoder-webm-vorbis: bf7c407c2cedff20999df2af8eb42d56 -> 
  custom:framework-win-MediaFoundation: 216162199b28c13a410421893ffa2e32 -> 
  custom:container-demuxer-ogg: 62fdf1f143b41e24485cea50d1cbac27 -> 
  custom:video-decoder-webm-vp8: 9c59270c3fd7afecdb556c50c9e8de78 -> 
  custom:audio-decoder-ogg-vorbis: bf7c407c2cedff20999df2af8eb42d56 -> 
